Start testing: Dec 09 01:04 MSK
----------------------------------------------------------
1/1 Testing: CH
1/1 Test: CH
Command: "/home/luciferthefirstt/LuciferTheFirstt/workspace/workspace/projects/AL/lab02/tests_Cache"
Directory: /home/luciferthefirstt/LuciferTheFirstt/workspace/workspace/projects/AL/lab02
"CH" start time: Dec 09 01:04 MSK
Output:
----------------------------------------------------------

Massiv sizes: 64 128 256 512 1024 2048 4096 8192 9216 
investigation:
   travel variant: direct
   experiments:
   - experiment:
       number: 1
       input data:
         buffer size: 64KB
       results:
         duration: 0ms
   - experiment:
       number: 2
       input data:
         buffer size: 128KB
       results:
         duration: 0ms
   - experiment:
       number: 3
       input data:
         buffer size: 256KB
       results:
         duration: 0ms
   - experiment:
       number: 4
       input data:
         buffer size: 512KB
       results:
         duration: 0ms
   - experiment:
       number: 5
       input data:
         buffer size: 1024KB
       results:
         duration: 0ms
   - experiment:
       number: 6
       input data:
         buffer size: 2048KB
       results:
         duration: 1ms
   - experiment:
       number: 7
       input data:
         buffer size: 4096KB
       results:
         duration: 2ms
   - experiment:
       number: 8
       input data:
         buffer size: 8192KB
       results:
         duration: 4ms

investigation:
   travel variant: reverse
   experiments:
   - experiment:
       number: 1
       input data:
         buffer size: 64KB
       results:
         duration: 0ms
   - experiment:
       number: 2
       input data:
         buffer size: 128KB
       results:
         duration: 0ms
   - experiment:
       number: 3
       input data:
         buffer size: 256KB
       results:
         duration: 0ms
   - experiment:
       number: 4
       input data:
         buffer size: 512KB
       results:
         duration: 0ms
   - experiment:
       number: 5
       input data:
         buffer size: 1024KB
       results:
         duration: 0ms
   - experiment:
       number: 6
       input data:
         buffer size: 2048KB
       results:
         duration: 0ms
   - experiment:
       number: 7
       input data:
         buffer size: 4096KB
       results:
         duration: 2ms
   - experiment:
       number: 8
       input data:
         buffer size: 8192KB
       results:
         duration: 4ms

investigation:
   travel variant: random
   experiments:
<end of output>
Test time =  18.06 sec
----------------------------------------------------------
Test Failed.
"CH" end time: Dec 09 01:04 MSK
"CH" time elapsed: 00:00:18
----------------------------------------------------------

End testing: Dec 09 01:04 MSK
